  program.c
c:\dev\c\mc\src\cdraw.h(19): warning C4333: '>>': right shift by too large amount, data loss
c:\dev\c\mc\src\cdraw.h(20): warning C4333: '>>': right shift by too large amount, data loss
c:\dev\c\mc\src\cdraw.h(23): warning C4244: 'initializing': conversion from 'double' to 'unsigned char', possible loss of data
c:\dev\c\mc\src\cdraw.h(24): warning C4244: 'initializing': conversion from 'double' to 'unsigned char', possible loss of data
c:\dev\c\mc\src\cdraw.h(25): warning C4244: 'initializing': conversion from 'double' to 'unsigned char', possible loss of data
c:\dev\c\mc\src\cdraw.h(36): warning C4133: '<': incompatible types - from 'void *' to 'int *'
c:\dev\c\mc\src\cdraw.h(52): warning C4244: 'initializing': conversion from 'double' to 'unsigned char', possible loss of data
c:\dev\c\mc\src\cdraw.h(53): warning C4244: 'initializing': conversion from 'double' to 'unsigned char', possible loss of data
c:\dev\c\mc\src\cdraw.h(54): warning C4244: 'initializing': conversion from 'double' to 'unsigned char', possible loss of data
c:\dev\c\mc\src\cdraw.h(206): warning C4244: 'function': conversion from 'double' to 'int', possible loss of data
c:\dev\c\mc\src\cdraw.h(207): warning C4244: 'function': conversion from 'double' to 'int', possible loss of data
c:\dev\c\mc\src\cdraw.h(211): warning C4244: 'function': conversion from 'double' to 'int', possible loss of data
c:\dev\c\mc\src\cdraw.h(212): warning C4244: 'function': conversion from 'double' to 'int', possible loss of data
c:\dev\c\mc\src\cdraw.h(225): warning C4244: 'function': conversion from 'double' to 'int', possible loss of data
c:\dev\c\mc\src\cdraw.h(226): warning C4244: 'function': conversion from 'double' to 'int', possible loss of data
c:\dev\c\mc\src\cdraw.h(230): warning C4244: 'function': conversion from 'double' to 'int', possible loss of data
c:\dev\c\mc\src\cdraw.h(231): warning C4244: 'function': conversion from 'double' to 'int', possible loss of data
c:\dev\c\mc\src\cdraw.h(237): warning C4244: 'initializing': conversion from 'double' to 'int', possible loss of data
c:\dev\c\mc\src\cdraw.h(246): warning C4244: 'initializing': conversion from 'double' to 'int', possible loss of data
c:\dev\c\mc\src\cdraw.h(265): warning C4020: 'draw_line': too many actual parameters
c:\dev\c\mc\src\cdraw.h(266): warning C4020: 'draw_line': too many actual parameters
c:\dev\c\mc\src\cdraw.h(267): warning C4020: 'draw_line': too many actual parameters
c:\dev\c\mc\src\cdraw.h(268): warning C4020: 'draw_line': too many actual parameters
c:\dev\c\mc\src\cfontsimple.h(53): warning C4133: '<': incompatible types - from 'void *' to 'unsigned char *'
c:\dev\c\mc\src\cfontsimple.h(80): warning C4090: 'initializing': different 'const' qualifiers
c:\dev\c\mc\src\program.c(143): warning C4244: 'function': conversion from 'time_t' to 'unsigned int', possible loss of data
c:\dev\c\mc\src\program.c(247): warning C4244: 'initializing': conversion from 'int' to 'float', possible loss of data
c:\dev\c\mc\src\program.c(310): warning C4244: 'return': conversion from 'double' to 'float', possible loss of data
c:\dev\c\mc\src\program.c(324): warning C4244: 'function': conversion from 'float' to 'int', possible loss of data
c:\dev\c\mc\src\program.c(325): warning C4244: 'function': conversion from 'float' to 'int', possible loss of data
c:\dev\c\mc\src\program.c(326): warning C4244: 'function': conversion from 'float' to 'int', possible loss of data
c:\dev\c\mc\src\program.c(331): warning C4244: 'function': conversion from 'float' to 'int', possible loss of data
c:\dev\c\mc\src\program.c(332): warning C4244: 'function': conversion from 'float' to 'int', possible loss of data
c:\dev\c\mc\src\program.c(339): warning C4244: 'function': conversion from 'float' to 'int', possible loss of data
c:\dev\c\mc\src\program.c(338): warning C4244: 'initializing': conversion from 'float' to 'int', possible loss of data
c:\dev\c\mc\src\program.c(374): warning C4244: '=': conversion from 'int' to 'float', possible loss of data
c:\dev\c\mc\src\program.c(375): warning C4244: '=': conversion from 'int' to 'float', possible loss of data
c:\dev\c\mc\src\program.c(376): warning C4244: '=': conversion from 'int' to 'float', possible loss of data
c:\dev\c\mc\src\program.c(377): warning C4244: '=': conversion from 'int' to 'float', possible loss of data
c:\dev\c\mc\src\program.c(494): warning C4244: 'function': conversion from 'float' to 'int', possible loss of data
c:\dev\c\mc\src\program.c(495): warning C4244: 'function': conversion from 'float' to 'int', possible loss of data
c:\dev\c\mc\src\program.c(491): warning C4244: 'initializing': conversion from 'LONG' to 'float', possible loss of data
c:\dev\c\mc\src\program.c(492): warning C4244: 'initializing': conversion from 'LONG' to 'float', possible loss of data
c:\dev\c\mc\src\program.c(494): warning C4244: 'initializing': conversion from 'int' to 'float', possible loss of data
c:\dev\c\mc\src\program.c(495): warning C4244: 'initializing': conversion from 'int' to 'float', possible loss of data
c:\dev\c\mc\src\program.c(497): warning C4244: 'initializing': conversion from 'double' to 'float', possible loss of data
c:\dev\c\mc\src\program.c(498): warning C4244: 'initializing': conversion from 'double' to 'float', possible loss of data
c:\dev\c\mc\src\program.c(499): warning C4244: 'initializing': conversion from 'double' to 'float', possible loss of data
c:\dev\c\mc\src\program.c(537): warning C4244: '=': conversion from 'int' to 'float', possible loss of data
c:\dev\c\mc\src\program.c(538): warning C4244: '=': conversion from 'int' to 'float', possible loss of data
c:\dev\c\mc\src\program.c(539): warning C4244: '=': conversion from 'int' to 'float', possible loss of data
c:\dev\c\mc\src\program.c(540): warning C4244: '=': conversion from 'int' to 'float', possible loss of data
c:\dev\c\mc\src\program.c(541): warning C4244: '=': conversion from 'int' to 'float', possible loss of data
c:\dev\c\mc\src\program.c(542): warning C4244: '=': conversion from 'int' to 'float', possible loss of data
c:\dev\c\mc\src\program.c(528): warning C4244: 'initializing': conversion from 'int' to 'float', possible loss of data
c:\dev\c\mc\src\program.c(529): warning C4244: 'initializing': conversion from 'int' to 'float', possible loss of data
c:\dev\c\mc\src\program.c(531): warning C4244: 'initializing': conversion from 'double' to 'float', possible loss of data
c:\dev\c\mc\src\program.c(532): warning C4244: 'initializing': conversion from 'double' to 'float', possible loss of data
c:\dev\c\mc\src\program.c(533): warning C4244: 'initializing': conversion from 'double' to 'float', possible loss of data
c:\dev\c\mc\src\program.c(729): warning C4033: 'MainWndProc' must return a value
c:\dev\c\mc\src\program.c(765): warning C4715: 'MainWndProc': not all control paths return a value
  MC.vcxproj -> C:\dev\C\MC\src\Debug\MC.exe
  MC.vcxproj -> C:\dev\C\MC\src\Debug\MC.pdb (Full PDB)
