C:\Program Files (x86)\MSBuild\Microsoft.Cpp\v4.0\V140\Microsoft.CppBuild.targets(392,5): warning MSB8028: The intermediate directory (Release\) contains files shared from another project (MC.vcxproj).  This can lead to incorrect clean and rebuild behavior.
  program.c
c:\dev\git\missile_command\src\cdraw.h(55): warning C4333: '>>': right shift by too large amount, data loss
c:\dev\git\missile_command\src\cdraw.h(56): warning C4333: '>>': right shift by too large amount, data loss
c:\dev\git\missile_command\src\cdraw.h(59): warning C4244: 'initializing': conversion from 'double' to 'unsigned char', possible loss of data
c:\dev\git\missile_command\src\cdraw.h(60): warning C4244: 'initializing': conversion from 'double' to 'unsigned char', possible loss of data
c:\dev\git\missile_command\src\cdraw.h(61): warning C4244: 'initializing': conversion from 'double' to 'unsigned char', possible loss of data
c:\dev\git\missile_command\src\cdraw.h(72): warning C4133: '<': incompatible types - from 'void *' to 'int *'
c:\dev\git\missile_command\src\cdraw.h(88): warning C4244: 'initializing': conversion from 'double' to 'unsigned char', possible loss of data
c:\dev\git\missile_command\src\cdraw.h(89): warning C4244: 'initializing': conversion from 'double' to 'unsigned char', possible loss of data
c:\dev\git\missile_command\src\cdraw.h(90): warning C4244: 'initializing': conversion from 'double' to 'unsigned char', possible loss of data
c:\dev\git\missile_command\src\cdraw.h(242): warning C4244: 'function': conversion from 'double' to 'int', possible loss of data
c:\dev\git\missile_command\src\cdraw.h(243): warning C4244: 'function': conversion from 'double' to 'int', possible loss of data
c:\dev\git\missile_command\src\cdraw.h(247): warning C4244: 'function': conversion from 'double' to 'int', possible loss of data
c:\dev\git\missile_command\src\cdraw.h(248): warning C4244: 'function': conversion from 'double' to 'int', possible loss of data
c:\dev\git\missile_command\src\cdraw.h(261): warning C4244: 'function': conversion from 'double' to 'int', possible loss of data
c:\dev\git\missile_command\src\cdraw.h(262): warning C4244: 'function': conversion from 'double' to 'int', possible loss of data
c:\dev\git\missile_command\src\cdraw.h(266): warning C4244: 'function': conversion from 'double' to 'int', possible loss of data
c:\dev\git\missile_command\src\cdraw.h(267): warning C4244: 'function': conversion from 'double' to 'int', possible loss of data
c:\dev\git\missile_command\src\cdraw.h(273): warning C4244: 'initializing': conversion from 'double' to 'int', possible loss of data
c:\dev\git\missile_command\src\cdraw.h(282): warning C4244: 'initializing': conversion from 'double' to 'int', possible loss of data
c:\dev\git\missile_command\src\cdraw.h(301): warning C4020: 'draw_line': too many actual parameters
c:\dev\git\missile_command\src\cdraw.h(302): warning C4020: 'draw_line': too many actual parameters
c:\dev\git\missile_command\src\cdraw.h(303): warning C4020: 'draw_line': too many actual parameters
c:\dev\git\missile_command\src\cdraw.h(304): warning C4020: 'draw_line': too many actual parameters
c:\dev\git\missile_command\src\cutil.h(69): warning C4244: 'return': conversion from 'double' to 'float', possible loss of data
c:\dev\git\missile_command\src\cfontsimple.h(67): warning C4133: '<': incompatible types - from 'void *' to 'unsigned char *'
program.c(183): warning C4244: 'function': conversion from 'time_t' to 'unsigned int', possible loss of data
program.c(264): warning C4244: 'function': conversion from 'int' to 'float', possible loss of data
program.c(288): warning C4244: 'function': conversion from 'int' to 'float', possible loss of data
program.c(301): warning C4244: '+=': conversion from 'double' to 'float', possible loss of data
program.c(302): warning C4244: '+=': conversion from 'double' to 'float', possible loss of data
program.c(311): warning C4244: '=': conversion from 'int' to 'float', possible loss of data
program.c(312): warning C4244: '=': conversion from 'int' to 'float', possible loss of data
program.c(376): warning C4244: 'function': conversion from 'int' to 'float', possible loss of data
program.c(371): warning C4244: 'initializing': conversion from 'int' to 'float', possible loss of data
program.c(416): warning C4244: 'function': conversion from 'float' to 'int', possible loss of data
program.c(417): warning C4244: 'function': conversion from 'float' to 'int', possible loss of data
program.c(418): warning C4244: 'function': conversion from 'float' to 'int', possible loss of data
program.c(420): warning C4244: 'function': conversion from 'float' to 'int', possible loss of data
program.c(421): warning C4244: 'function': conversion from 'float' to 'int', possible loss of data
program.c(422): warning C4244: 'function': conversion from 'float' to 'int', possible loss of data
program.c(427): warning C4244: 'function': conversion from 'float' to 'int', possible loss of data
program.c(430): warning C4244: 'function': conversion from 'float' to 'int', possible loss of data
program.c(431): warning C4244: 'function': conversion from 'float' to 'int', possible loss of data
program.c(432): warning C4244: 'function': conversion from 'float' to 'int', possible loss of data
program.c(433): warning C4244: 'function': conversion from 'float' to 'int', possible loss of data
program.c(434): warning C4244: 'function': conversion from 'float' to 'int', possible loss of data
program.c(436): warning C4244: 'function': conversion from 'float' to 'int', possible loss of data
program.c(441): warning C4244: 'function': conversion from 'float' to 'int', possible loss of data
program.c(442): warning C4244: 'function': conversion from 'float' to 'int', possible loss of data
program.c(448): warning C4244: 'function': conversion from 'float' to 'int', possible loss of data
program.c(479): warning C4244: 'function': conversion from 'float' to 'int', possible loss of data
program.c(519): warning C4244: '=': conversion from 'int' to 'float', possible loss of data
program.c(520): warning C4244: '=': conversion from 'int' to 'float', possible loss of data
program.c(521): warning C4244: '=': conversion from 'int' to 'float', possible loss of data
program.c(522): warning C4244: '=': conversion from 'int' to 'float', possible loss of data
program.c(693): warning C4244: 'function': conversion from 'float' to 'int', possible loss of data
program.c(694): warning C4244: 'function': conversion from 'float' to 'int', possible loss of data
program.c(690): warning C4244: 'initializing': conversion from 'LONG' to 'float', possible loss of data
program.c(691): warning C4244: 'initializing': conversion from 'LONG' to 'float', possible loss of data
program.c(693): warning C4244: 'initializing': conversion from 'int' to 'float', possible loss of data
program.c(694): warning C4244: 'initializing': conversion from 'int' to 'float', possible loss of data
program.c(696): warning C4244: 'initializing': conversion from 'double' to 'float', possible loss of data
program.c(697): warning C4244: 'initializing': conversion from 'double' to 'float', possible loss of data
program.c(698): warning C4244: 'initializing': conversion from 'double' to 'float', possible loss of data
program.c(736): warning C4244: '=': conversion from 'int' to 'float', possible loss of data
program.c(737): warning C4244: '=': conversion from 'int' to 'float', possible loss of data
program.c(738): warning C4244: '=': conversion from 'int' to 'float', possible loss of data
program.c(739): warning C4244: '=': conversion from 'int' to 'float', possible loss of data
program.c(740): warning C4244: '=': conversion from 'int' to 'float', possible loss of data
program.c(741): warning C4244: '=': conversion from 'int' to 'float', possible loss of data
program.c(727): warning C4244: 'initializing': conversion from 'int' to 'float', possible loss of data
program.c(728): warning C4244: 'initializing': conversion from 'int' to 'float', possible loss of data
program.c(730): warning C4244: 'initializing': conversion from 'double' to 'float', possible loss of data
program.c(731): warning C4244: 'initializing': conversion from 'double' to 'float', possible loss of data
program.c(732): warning C4244: 'initializing': conversion from 'double' to 'float', possible loss of data
program.c(942): warning C4033: 'MainWndProc' must return a value
  Generating code
c:\dev\git\missile_command\src\program.c(978): warning C4715: 'MainWndProc': not all control paths return a value
  4 of 93 functions ( 4.3%) were compiled, the rest were copied from previous compilation.
    0 functions were new in current compilation
    0 functions had inline decision re-evaluated but remain unchanged
  Finished generating code
  MC_V14.vcxproj -> C:\dev\git\missile_command\src\Release\MC_V14.exe
  MC_V14.vcxproj -> C:\dev\git\missile_command\src\Release\MC_V14.pdb (Full PDB)
